Thu Apr  2 14:21:22 EDT 2026 — Fleet B (Builder) starting
Thu Apr  2 14:21:22 EDT 2026 — Building: v7-sabatier (Sabatier Reaction Chemistry)
Thu Apr  2 14:33:07 EDT 2026 — Completed: v7-sabatier
Thu Apr  2 14:38:07 EDT 2026 — Building: v7-electrolysis (Water Electrolysis Efficiency)
Thu Apr  2 14:43:00 EDT 2026 — Completed: v7-electrolysis
Thu Apr  2 14:48:00 EDT 2026 — Building: v8-heat-transfer (Habitat Heat Transfer Model)
Thu Apr  2 15:03:31 EDT 2026 — Fleet B (Builder) starting
Thu Apr  2 15:03:31 EDT 2026 — Building: v9-spatial-layout (Module Position Grid)
Thu Apr  2 15:14:35 EDT 2026 — Completed: v9-spatial-layout
🔍 Validating gauntlet.js...
✅ Gauntlet valid — Score: 1880
📸 Updated known-good snapshot
Thu Apr  2 15:19:35 EDT 2026 — Building: v10-failure-cascade (System Dependency Graph)
Thu Apr  2 15:31:12 EDT 2026 — Completed: v10-failure-cascade
🔍 Validating gauntlet.js...
✅ Gauntlet valid — Score: 101940
📸 Updated known-good snapshot
Thu Apr  2 15:36:12 EDT 2026 — Building: v11-supply-windows (Earth-Mars Transfer Windows)
Thu Apr  2 15:53:15 EDT 2026 — Completed: v11-supply-windows
🔍 Validating gauntlet.js...
✅ Gauntlet valid — Score: 109940
📸 Updated known-good snapshot
Thu Apr  2 15:58:15 EDT 2026 — Building: v12-crew-physiology (Individual Crew Physiology)
Thu Apr  2 16:11:11 EDT 2026 — Completed: v12-crew-physiology
🔍 Validating gauntlet.js...
✅ Gauntlet valid — Score: 7790
📸 Updated known-good snapshot
Thu Apr  2 17:18:11 EDT 2026 — Fleet B (Builder) starting
Thu Apr  2 17:18:11 EDT 2026 — Building: v13-crew-psychology (Crew Psychology Model)
Thu Apr  2 17:32:34 EDT 2026 — Completed: v13-crew-psychology
🔍 Validating gauntlet.js...
✅ Gauntlet valid — Score: 124470
📸 Updated known-good snapshot
Thu Apr  2 17:37:34 EDT 2026 — Building: v14-mars-gcm (Mars GCM Weather)
Thu Apr  2 17:54:27 EDT 2026 — Completed: v14-mars-gcm
🔍 Validating gauntlet.js...
✅ Gauntlet valid — Score: 124470
📸 Updated known-good snapshot
Thu Apr  2 17:59:27 EDT 2026 — Building: v15-site-geology (Site-Specific Geology)
Thu Apr  2 18:11:26 EDT 2026 — Completed: v15-site-geology
🔍 Validating gauntlet.js...
✅ Gauntlet valid — Score: 116170
📸 Updated known-good snapshot
Thu Apr  2 18:16:26 EDT 2026 — All queue items complete. Sleeping 1 hour.
Thu Apr  2 19:16:27 EDT 2026 — All queue items complete. Sleeping 1 hour.
Thu Apr  2 20:16:27 EDT 2026 — All queue items complete. Sleeping 1 hour.
Thu Apr  2 21:16:27 EDT 2026 — All queue items complete. Sleeping 1 hour.
Thu Apr  2 22:16:27 EDT 2026 — All queue items complete. Sleeping 1 hour.
Thu Apr  2 23:16:27 EDT 2026 — All queue items complete. Sleeping 1 hour.
Fri Apr  3 00:16:27 EDT 2026 — All queue items complete. Sleeping 1 hour.
Fri Apr  3 01:16:27 EDT 2026 — All queue items complete. Sleeping 1 hour.
Fri Apr  3 02:16:27 EDT 2026 — All queue items complete. Sleeping 1 hour.
Fri Apr  3 03:16:27 EDT 2026 — All queue items complete. Sleeping 1 hour.
Fri Apr  3 04:16:27 EDT 2026 — All queue items complete. Sleeping 1 hour.
Fri Apr  3 05:16:27 EDT 2026 — All queue items complete. Sleeping 1 hour.
Fri Apr  3 06:16:27 EDT 2026 — All queue items complete. Sleeping 1 hour.
Fri Apr  3 07:16:28 EDT 2026 — All queue items complete. Sleeping 1 hour.
Fri Apr  3 08:16:28 EDT 2026 — All queue items complete. Sleeping 1 hour.
Fri Apr  3 09:16:28 EDT 2026 — All queue items complete. Sleeping 1 hour.
Fri Apr  3 10:16:28 EDT 2026 — All queue items complete. Sleeping 1 hour.
Fri Apr  3 11:16:28 EDT 2026 — All queue items complete. Sleeping 1 hour.
Fri Apr  3 12:16:28 EDT 2026 — All queue items complete. Sleeping 1 hour.
Fri Apr  3 13:16:28 EDT 2026 — All queue items complete. Sleeping 1 hour.
Fri Apr  3 14:16:28 EDT 2026 — All queue items complete. Sleeping 1 hour.
Fri Apr  3 15:16:28 EDT 2026 — All queue items complete. Sleeping 1 hour.
Fri Apr  3 16:16:28 EDT 2026 — All queue items complete. Sleeping 1 hour.
Fri Apr  3 17:16:28 EDT 2026 — All queue items complete. Sleeping 1 hour.
Fri Apr  3 18:16:28 EDT 2026 — All queue items complete. Sleeping 1 hour.
Fri Apr  3 19:16:29 EDT 2026 — All queue items complete. Sleeping 1 hour.
Fri Apr  3 20:16:29 EDT 2026 — All queue items complete. Sleeping 1 hour.
Fri Apr  3 21:16:29 EDT 2026 — All queue items complete. Sleeping 1 hour.
Fri Apr  3 22:16:29 EDT 2026 — All queue items complete. Sleeping 1 hour.
Fri Apr  3 23:16:29 EDT 2026 — All queue items complete. Sleeping 1 hour.
Sat Apr  4 00:16:29 EDT 2026 — All queue items complete. Sleeping 1 hour.
Sat Apr  4 01:16:29 EDT 2026 — All queue items complete. Sleeping 1 hour.
Sat Apr  4 02:16:29 EDT 2026 — All queue items complete. Sleeping 1 hour.
Sat Apr  4 03:16:29 EDT 2026 — All queue items complete. Sleeping 1 hour.
Sat Apr  4 04:16:29 EDT 2026 — All queue items complete. Sleeping 1 hour.
Sat Apr  4 05:16:29 EDT 2026 — All queue items complete. Sleeping 1 hour.
Sat Apr  4 06:16:29 EDT 2026 — All queue items complete. Sleeping 1 hour.
Sat Apr  4 07:16:30 EDT 2026 — All queue items complete. Sleeping 1 hour.
Sat Apr  4 08:16:30 EDT 2026 — All queue items complete. Sleeping 1 hour.
Sat Apr  4 09:16:30 EDT 2026 — All queue items complete. Sleeping 1 hour.
Sat Apr  4 10:16:30 EDT 2026 — All queue items complete. Sleeping 1 hour.
Sat Apr  4 11:16:30 EDT 2026 — All queue items complete. Sleeping 1 hour.
Sat Apr  4 12:16:30 EDT 2026 — All queue items complete. Sleeping 1 hour.
Sat Apr  4 13:16:30 EDT 2026 — All queue items complete. Sleeping 1 hour.
Sat Apr  4 14:16:30 EDT 2026 — All queue items complete. Sleeping 1 hour.
Sat Apr  4 15:16:30 EDT 2026 — All queue items complete. Sleeping 1 hour.
Sat Apr  4 16:16:30 EDT 2026 — All queue items complete. Sleeping 1 hour.
Sat Apr  4 17:16:30 EDT 2026 — All queue items complete. Sleeping 1 hour.
Sat Apr  4 18:16:30 EDT 2026 — All queue items complete. Sleeping 1 hour.
Sat Apr  4 19:16:30 EDT 2026 — All queue items complete. Sleeping 1 hour.
Sat Apr  4 20:16:31 EDT 2026 — All queue items complete. Sleeping 1 hour.
Sat Apr  4 21:16:31 EDT 2026 — All queue items complete. Sleeping 1 hour.
Sat Apr  4 22:32:16 EDT 2026 — All queue items complete. Sleeping 1 hour.
Sat Apr  4 23:32:16 EDT 2026 — All queue items complete. Sleeping 1 hour.
Sun Apr  5 00:32:16 EDT 2026 — All queue items complete. Sleeping 1 hour.
Sun Apr  5 01:32:16 EDT 2026 — All queue items complete. Sleeping 1 hour.
Sun Apr  5 02:47:47 EDT 2026 — All queue items complete. Sleeping 1 hour.
Sun Apr  5 03:47:47 EDT 2026 — All queue items complete. Sleeping 1 hour.
Sun Apr  5 04:47:47 EDT 2026 — All queue items complete. Sleeping 1 hour.
Sun Apr  5 05:47:48 EDT 2026 — All queue items complete. Sleeping 1 hour.
Sun Apr  5 07:02:59 EDT 2026 — All queue items complete. Sleeping 1 hour.
Sun Apr  5 08:02:59 EDT 2026 — All queue items complete. Sleeping 1 hour.
Sun Apr  5 09:02:59 EDT 2026 — All queue items complete. Sleeping 1 hour.
Sun Apr  5 10:02:59 EDT 2026 — All queue items complete. Sleeping 1 hour.
Sun Apr  5 11:02:59 EDT 2026 — All queue items complete. Sleeping 1 hour.
Sun Apr  5 12:02:59 EDT 2026 — All queue items complete. Sleeping 1 hour.
Sun Apr  5 13:02:59 EDT 2026 — All queue items complete. Sleeping 1 hour.
Sun Apr  5 14:02:59 EDT 2026 — All queue items complete. Sleeping 1 hour.
Sun Apr  5 15:03:00 EDT 2026 — All queue items complete. Sleeping 1 hour.
Sun Apr  5 16:03:00 EDT 2026 — All queue items complete. Sleeping 1 hour.
Sun Apr  5 17:03:00 EDT 2026 — All queue items complete. Sleeping 1 hour.
Sun Apr  5 18:03:00 EDT 2026 — All queue items complete. Sleeping 1 hour.
Sun Apr  5 19:03:00 EDT 2026 — All queue items complete. Sleeping 1 hour.
Sun Apr  5 20:03:00 EDT 2026 — All queue items complete. Sleeping 1 hour.
Sun Apr  5 21:03:00 EDT 2026 — All queue items complete. Sleeping 1 hour.
Sun Apr  5 22:03:00 EDT 2026 — All queue items complete. Sleeping 1 hour.
Sun Apr  5 23:03:00 EDT 2026 — All queue items complete. Sleeping 1 hour.
Mon Apr  6 00:03:00 EDT 2026 — All queue items complete. Sleeping 1 hour.
Mon Apr  6 01:03:00 EDT 2026 — All queue items complete. Sleeping 1 hour.
Mon Apr  6 02:17:58 EDT 2026 — All queue items complete. Sleeping 1 hour.
Mon Apr  6 03:17:58 EDT 2026 — All queue items complete. Sleeping 1 hour.
Mon Apr  6 04:17:58 EDT 2026 — All queue items complete. Sleeping 1 hour.
Mon Apr  6 05:17:58 EDT 2026 — All queue items complete. Sleeping 1 hour.
Mon Apr  6 06:17:58 EDT 2026 — All queue items complete. Sleeping 1 hour.
Mon Apr  6 07:33:05 EDT 2026 — All queue items complete. Sleeping 1 hour.
Mon Apr  6 08:33:05 EDT 2026 — All queue items complete. Sleeping 1 hour.
Mon Apr  6 09:49:19 EDT 2026 — All queue items complete. Sleeping 1 hour.
Mon Apr  6 10:56:51 EDT 2026 — All queue items complete. Sleeping 1 hour.
Mon Apr  6 12:12:10 EDT 2026 — All queue items complete. Sleeping 1 hour.
Mon Apr  6 13:12:10 EDT 2026 — All queue items complete. Sleeping 1 hour.
Mon Apr  6 14:27:17 EDT 2026 — All queue items complete. Sleeping 1 hour.
Mon Apr  6 15:27:17 EDT 2026 — All queue items complete. Sleeping 1 hour.
Mon Apr  6 16:27:17 EDT 2026 — All queue items complete. Sleeping 1 hour.
Mon Apr  6 17:27:17 EDT 2026 — All queue items complete. Sleeping 1 hour.
Mon Apr  6 18:42:55 EDT 2026 — All queue items complete. Sleeping 1 hour.
Mon Apr  6 19:42:55 EDT 2026 — All queue items complete. Sleeping 1 hour.
Mon Apr  6 20:58:29 EDT 2026 — All queue items complete. Sleeping 1 hour.
Mon Apr  6 21:58:29 EDT 2026 — All queue items complete. Sleeping 1 hour.
Mon Apr  6 22:58:29 EDT 2026 — All queue items complete. Sleeping 1 hour.
Mon Apr  6 23:58:29 EDT 2026 — All queue items complete. Sleeping 1 hour.
Tue Apr  7 00:58:29 EDT 2026 — All queue items complete. Sleeping 1 hour.
Tue Apr  7 01:58:29 EDT 2026 — All queue items complete. Sleeping 1 hour.
Tue Apr  7 03:15:36 EDT 2026 — All queue items complete. Sleeping 1 hour.
Tue Apr  7 04:15:36 EDT 2026 — All queue items complete. Sleeping 1 hour.
Tue Apr  7 05:15:36 EDT 2026 — All queue items complete. Sleeping 1 hour.
Tue Apr  7 06:15:36 EDT 2026 — All queue items complete. Sleeping 1 hour.
Tue Apr  7 07:15:36 EDT 2026 — All queue items complete. Sleeping 1 hour.
Tue Apr  7 08:15:36 EDT 2026 — All queue items complete. Sleeping 1 hour.
Tue Apr  7 09:15:36 EDT 2026 — All queue items complete. Sleeping 1 hour.
Tue Apr  7 10:31:16 EDT 2026 — All queue items complete. Sleeping 1 hour.
Tue Apr  7 11:31:16 EDT 2026 — All queue items complete. Sleeping 1 hour.
Tue Apr  7 12:31:16 EDT 2026 — All queue items complete. Sleeping 1 hour.
Tue Apr  7 13:47:48 EDT 2026 — All queue items complete. Sleeping 1 hour.
Tue Apr  7 14:47:48 EDT 2026 — All queue items complete. Sleeping 1 hour.
Tue Apr  7 15:47:48 EDT 2026 — All queue items complete. Sleeping 1 hour.
Tue Apr  7 17:05:05 EDT 2026 — All queue items complete. Sleeping 1 hour.
Tue Apr  7 18:05:05 EDT 2026 — All queue items complete. Sleeping 1 hour.
Tue Apr  7 19:05:05 EDT 2026 — All queue items complete. Sleeping 1 hour.
Tue Apr  7 20:05:05 EDT 2026 — All queue items complete. Sleeping 1 hour.
Tue Apr  7 21:05:05 EDT 2026 — All queue items complete. Sleeping 1 hour.
Tue Apr  7 22:05:05 EDT 2026 — All queue items complete. Sleeping 1 hour.
Tue Apr  7 23:05:05 EDT 2026 — All queue items complete. Sleeping 1 hour.
Wed Apr  8 00:23:31 EDT 2026 — All queue items complete. Sleeping 1 hour.
Wed Apr  8 01:23:31 EDT 2026 — All queue items complete. Sleeping 1 hour.
Wed Apr  8 02:23:31 EDT 2026 — All queue items complete. Sleeping 1 hour.
Wed Apr  8 03:23:31 EDT 2026 — All queue items complete. Sleeping 1 hour.
Wed Apr  8 04:23:31 EDT 2026 — All queue items complete. Sleeping 1 hour.
Wed Apr  8 05:23:31 EDT 2026 — All queue items complete. Sleeping 1 hour.
Wed Apr  8 06:23:32 EDT 2026 — All queue items complete. Sleeping 1 hour.
Wed Apr  8 07:23:32 EDT 2026 — All queue items complete. Sleeping 1 hour.
Wed Apr  8 08:23:32 EDT 2026 — All queue items complete. Sleeping 1 hour.
Wed Apr  8 09:23:32 EDT 2026 — All queue items complete. Sleeping 1 hour.
Wed Apr  8 10:39:12 EDT 2026 — All queue items complete. Sleeping 1 hour.
Wed Apr  8 11:39:12 EDT 2026 — All queue items complete. Sleeping 1 hour.
Wed Apr  8 12:39:12 EDT 2026 — All queue items complete. Sleeping 1 hour.
Wed Apr  8 13:39:12 EDT 2026 — All queue items complete. Sleeping 1 hour.
Wed Apr  8 14:39:12 EDT 2026 — All queue items complete. Sleeping 1 hour.
Wed Apr  8 15:39:12 EDT 2026 — All queue items complete. Sleeping 1 hour.
Wed Apr  8 16:39:13 EDT 2026 — All queue items complete. Sleeping 1 hour.
Wed Apr  8 17:54:42 EDT 2026 — All queue items complete. Sleeping 1 hour.
Wed Apr  8 19:09:46 EDT 2026 — All queue items complete. Sleeping 1 hour.
Wed Apr  8 20:09:46 EDT 2026 — All queue items complete. Sleeping 1 hour.
Wed Apr  8 21:09:47 EDT 2026 — All queue items complete. Sleeping 1 hour.
Wed Apr  8 22:09:47 EDT 2026 — All queue items complete. Sleeping 1 hour.
Wed Apr  8 23:09:47 EDT 2026 — All queue items complete. Sleeping 1 hour.
Thu Apr  9 00:09:47 EDT 2026 — All queue items complete. Sleeping 1 hour.
Thu Apr  9 01:09:47 EDT 2026 — All queue items complete. Sleeping 1 hour.
Thu Apr  9 02:09:47 EDT 2026 — All queue items complete. Sleeping 1 hour.
Thu Apr  9 03:09:47 EDT 2026 — All queue items complete. Sleeping 1 hour.
Thu Apr  9 04:09:47 EDT 2026 — All queue items complete. Sleeping 1 hour.
Thu Apr  9 05:09:47 EDT 2026 — All queue items complete. Sleeping 1 hour.
Thu Apr  9 06:26:43 EDT 2026 — All queue items complete. Sleeping 1 hour.
Thu Apr  9 07:26:43 EDT 2026 — All queue items complete. Sleeping 1 hour.
Thu Apr  9 08:26:43 EDT 2026 — All queue items complete. Sleeping 1 hour.
Thu Apr  9 09:43:50 EDT 2026 — All queue items complete. Sleeping 1 hour.
Thu Apr  9 10:43:50 EDT 2026 — All queue items complete. Sleeping 1 hour.
Thu Apr  9 11:43:50 EDT 2026 — All queue items complete. Sleeping 1 hour.
Thu Apr  9 12:56:37 EDT 2026 — All queue items complete. Sleeping 1 hour.
Thu Apr  9 13:56:37 EDT 2026 — All queue items complete. Sleeping 1 hour.
Thu Apr  9 14:56:37 EDT 2026 — All queue items complete. Sleeping 1 hour.
Thu Apr  9 16:05:41 EDT 2026 — All queue items complete. Sleeping 1 hour.
Thu Apr  9 17:05:41 EDT 2026 — All queue items complete. Sleeping 1 hour.
Thu Apr  9 18:05:41 EDT 2026 — All queue items complete. Sleeping 1 hour.
Thu Apr  9 19:05:41 EDT 2026 — All queue items complete. Sleeping 1 hour.
Thu Apr  9 20:05:41 EDT 2026 — All queue items complete. Sleeping 1 hour.
Thu Apr  9 21:21:05 EDT 2026 — All queue items complete. Sleeping 1 hour.
Thu Apr  9 22:21:05 EDT 2026 — All queue items complete. Sleeping 1 hour.
Thu Apr  9 23:21:05 EDT 2026 — All queue items complete. Sleeping 1 hour.
Fri Apr 10 00:37:00 EDT 2026 — All queue items complete. Sleeping 1 hour.
Fri Apr 10 01:37:00 EDT 2026 — All queue items complete. Sleeping 1 hour.
Fri Apr 10 02:37:00 EDT 2026 — All queue items complete. Sleeping 1 hour.
Fri Apr 10 03:53:42 EDT 2026 — All queue items complete. Sleeping 1 hour.
Fri Apr 10 04:53:42 EDT 2026 — All queue items complete. Sleeping 1 hour.
Fri Apr 10 05:53:42 EDT 2026 — All queue items complete. Sleeping 1 hour.
Fri Apr 10 06:53:42 EDT 2026 — All queue items complete. Sleeping 1 hour.
Fri Apr 10 07:53:42 EDT 2026 — All queue items complete. Sleeping 1 hour.
Fri Apr 10 08:53:43 EDT 2026 — All queue items complete. Sleeping 1 hour.
Fri Apr 10 09:53:43 EDT 2026 — All queue items complete. Sleeping 1 hour.
Fri Apr 10 10:53:43 EDT 2026 — All queue items complete. Sleeping 1 hour.
Fri Apr 10 11:53:43 EDT 2026 — All queue items complete. Sleeping 1 hour.
Fri Apr 10 12:53:43 EDT 2026 — All queue items complete. Sleeping 1 hour.
Fri Apr 10 13:53:43 EDT 2026 — All queue items complete. Sleeping 1 hour.
